0 info it worked if it ends with ok
1 verbose cli [ '/usr/local/bin/node',
1 verbose cli   '/usr/local/bin/npm',
1 verbose cli   'install',
1 verbose cli   'nodemon',
1 verbose cli   '–-g' ]
2 info using npm@3.10.10
3 info using node@v6.10.3
4 silly loadCurrentTree Starting
5 silly install loadCurrentTree
6 silly install readLocalPackageData
7 silly fetchPackageMetaData nodemon
8 silly fetchPackageMetaData –-g
9 silly fetchNamedPackageData nodemon
10 silly mapToRegistry name nodemon
11 silly mapToRegistry using default registry
12 silly mapToRegistry registry https://registry.npmjs.org/
13 silly mapToRegistry data Result {
13 silly mapToRegistry   raw: 'nodemon',
13 silly mapToRegistry   scope: null,
13 silly mapToRegistry   escapedName: 'nodemon',
13 silly mapToRegistry   name: 'nodemon',
13 silly mapToRegistry   rawSpec: '',
13 silly mapToRegistry   spec: 'latest',
13 silly mapToRegistry   type: 'tag' }
14 silly mapToRegistry uri https://registry.npmjs.org/nodemon
15 silly fetchOtherPackageData –-g
16 silly cache add args [ '–-g', null ]
17 verbose cache add spec –-g
18 silly cache add parsed spec Result {
18 silly cache add   raw: '–-g',
18 silly cache add   scope: null,
18 silly cache add   escapedName: null,
18 silly cache add   name: null,
18 silly cache add   rawSpec: '–-g',
18 silly cache add   spec: '/Users/re338357/Documents/Renga/Dev/Learnings/Node/notes-node/–-g',
18 silly cache add   type: 'local' }
19 error addLocal Could not install /Users/re338357/Documents/Renga/Dev/Learnings/Node/notes-node/–-g
20 silly fetchPackageMetaData Error: ENOENT: no such file or directory, open '/Users/re338357/Documents/Renga/Dev/Learnings/Node/notes-node/–-g'
20 silly fetchPackageMetaData     at Error (native)
20 silly fetchPackageMetaData  error for –-g { Error: ENOENT: no such file or directory, open '/Users/re338357/Documents/Renga/Dev/Learnings/Node/notes-node/–-g'
20 silly fetchPackageMetaData     at Error (native)
20 silly fetchPackageMetaData   errno: -2,
20 silly fetchPackageMetaData   code: 'ENOENT',
20 silly fetchPackageMetaData   syscall: 'open',
20 silly fetchPackageMetaData   path: '/Users/re338357/Documents/Renga/Dev/Learnings/Node/notes-node/–-g' }
21 verbose request uri https://registry.npmjs.org/nodemon
22 verbose request no auth needed
23 info attempt registry request try #1 at 10:41:07 AM
24 verbose request id bf0bc8594ced0f29
25 verbose etag W/"592be2b4-31130"
26 verbose lastModified Mon, 29 May 2017 08:58:28 GMT
27 http request GET https://registry.npmjs.org/nodemon
28 info retry will retry, error on last attempt: TypeError: The header content contains invalid characters
29 info attempt registry request try #2 at 10:41:17 AM
30 verbose etag W/"592be2b4-31130"
31 verbose lastModified Mon, 29 May 2017 08:58:28 GMT
32 http request GET https://registry.npmjs.org/nodemon
33 info retry will retry, error on last attempt: TypeError: The header content contains invalid characters
34 info attempt registry request try #3 at 10:42:17 AM
35 verbose etag W/"592be2b4-31130"
36 verbose lastModified Mon, 29 May 2017 08:58:28 GMT
37 http request GET https://registry.npmjs.org/nodemon
38 silly get cb [ 304, undefined ]
39 verbose etag https://registry.npmjs.org/nodemon from cache
40 verbose get saving nodemon to /Users/re338357/.npm/registry.npmjs.org/nodemon/.cache.json
41 verbose correctMkdir /Users/re338357/.npm correctMkdir not in flight; initializing
42 silly rollbackFailedOptional Starting
43 silly rollbackFailedOptional Finishing
44 silly runTopLevelLifecycles Finishing
45 silly install printInstalled
46 verbose stack Error: ENOENT: no such file or directory, open '/Users/re338357/Documents/Renga/Dev/Learnings/Node/notes-node/–-g'
46 verbose stack     at Error (native)
47 verbose cwd /Users/re338357/Documents/Renga/Dev/Learnings/Node/notes-node
48 error Darwin 16.3.0
49 error argv "/usr/local/bin/node" "/usr/local/bin/npm" "install" "nodemon" "–-g"
50 error node v6.10.3
51 error npm  v3.10.10
52 error path /Users/re338357/Documents/Renga/Dev/Learnings/Node/notes-node/–-g
53 error code ENOENT
54 error errno -2
55 error syscall open
56 error enoent ENOENT: no such file or directory, open '/Users/re338357/Documents/Renga/Dev/Learnings/Node/notes-node/–-g'
57 error enoent ENOENT: no such file or directory, open '/Users/re338357/Documents/Renga/Dev/Learnings/Node/notes-node/–-g'
57 error enoent This is most likely not a problem with npm itself
57 error enoent and is related to npm not being able to find a file.
58 verbose exit [ -2, true ]
